date,threads,elapsed,min,max,avg,last,cnt,tps,bytes,bps,err,reason
Mon Jul 19 12:04:58 CEST 2021,5,100,0,0,0.0,0,0,0.0,0,0,0,0,Interval
Mon Jul 19 12:04:58 CEST 2021,5,201,0,0,0.0,0,0,0.0,0,0,0,0,Interval
Mon Jul 19 12:04:58 CEST 2021,5,302,0,0,0.0,0,0,0.0,0,0,0,0,Interval
Mon Jul 19 12:04:58 CEST 2021,5,402,0,0,0.0,0,0,0.0,0,0,0,0,Interval
Mon Jul 19 12:04:58 CEST 2021,5,503,0,0,0.0,0,0,0.0,0,0,0,0,Interval
Mon Jul 19 12:04:58 CEST 2021,5,603,0,0,0.0,0,0,0.0,0,0,0,0,Interval
Mon Jul 19 12:04:58 CEST 2021,5,704,0,0,0.0,0,0,0.0,0,0,0,0,Interval
Mon Jul 19 12:04:59 CEST 2021,5,805,0,0,0.0,0,0,0.0,0,0,0,0,Interval
Mon Jul 19 12:04:59 CEST 2021,5,905,0,0,0.0,0,0,0.0,0,0,0,0,Interval
Mon Jul 19 12:04:59 CEST 2021,5,1006,294,294,294.0,294,1,1.16,225,261,0,294,Interval
Mon Jul 19 12:04:59 CEST 2021,5,1107,294,294,294.0,294,1,1.16,225,261,0,294,Interval
Mon Jul 19 12:04:59 CEST 2021,5,1208,294,374,338.33,374,3,2.55,675,573,0,1015,Interval
Mon Jul 19 12:04:59 CEST 2021,5,1309,294,374,338.33,374,3,2.55,675,573,0,1015,Interval
Mon Jul 19 12:04:59 CEST 2021,5,1410,294,700,422.4,700,5,3.77,1125,848,0,2112,Interval
Mon Jul 19 12:04:59 CEST 2021,5,1511,294,700,422.4,700,5,3.77,1125,848,0,2112,Interval
Mon Jul 19 12:04:59 CEST 2021,5,1611,294,700,422.4,700,5,3.77,1125,848,0,2112,Interval
Mon Jul 19 12:04:59 CEST 2021,5,1712,294,700,422.4,700,5,3.77,1125,848,0,2112,Interval
Mon Jul 19 12:05:00 CEST 2021,5,1812,217,700,388.16,217,6,3.7,1350,832,0,2329,Interval
Mon Jul 19 12:05:00 CEST 2021,5,1913,217,700,388.16,217,6,3.7,1350,832,0,2329,Interval
Mon Jul 19 12:05:00 CEST 2021,5,2014,217,700,388.16,217,6,3.7,1350,832,0,2329,Interval
Mon Jul 19 12:05:00 CEST 2021,5,2115,217,700,388.16,217,6,3.7,1350,832,0,2329,Interval
Mon Jul 19 12:05:00 CEST 2021,5,2216,217,700,340.44,265,9,4.08,2025,919,0,3064,Interval
Mon Jul 19 12:05:00 CEST 2021,5,2317,217,700,340.44,265,9,4.08,2025,919,0,3064,Interval
Mon Jul 19 12:05:00 CEST 2021,5,2417,217,700,340.44,265,9,4.08,2025,919,0,3064,Interval
Mon Jul 19 12:05:00 CEST 2021,5,2518,217,700,340.44,265,9,4.08,2025,919,2,3064,Interval
Mon Jul 19 12:05:00 CEST 2021,5,2618,217,700,339.0,284,11,4.42,2475,995,2,3729,Interval
Mon Jul 19 12:05:00 CEST 2021,5,2718,217,700,339.0,284,11,4.42,2475,995,2,3729,Interval
Mon Jul 19 12:05:01 CEST 2021,5,2819,217,700,339.0,284,11,4.42,2475,995,2,3729,Interval
Mon Jul 19 12:05:01 CEST 2021,5,2919,217,700,339.0,284,11,4.42,2475,995,3,3729,Interval
Mon Jul 19 12:05:01 CEST 2021,5,3020,217,700,329.91,230,12,4.2,2700,946,3,3959,Interval
Mon Jul 19 12:05:01 CEST 2021,5,3120,217,700,329.91,230,12,4.2,2700,946,3,3959,Interval
Mon Jul 19 12:05:01 CEST 2021,5,3221,217,700,329.91,230,12,4.2,2700,946,3,3959,Interval
Mon Jul 19 12:05:01 CEST 2021,5,3322,217,700,329.91,230,12,4.2,2700,946,4,3959,Interval
Mon Jul 19 12:05:01 CEST 2021,5,3423,217,700,317.28,238,14,4.15,3150,934,5,4442,Interval
Mon Jul 19 12:05:01 CEST 2021,5,3523,217,700,317.28,238,14,4.15,3150,934,6,4442,Interval
Mon Jul 19 12:05:01 CEST 2021,5,3623,217,700,314.86,281,15,4.38,3375,986,6,4723,Interval
Mon Jul 19 12:05:01 CEST 2021,5,3724,217,700,314.86,281,15,4.38,3375,986,7,4723,Interval
Mon Jul 19 12:05:02 CEST 2021,5,3825,217,700,312.31,274,16,4.38,3600,986,7,4997,Interval
Mon Jul 19 12:05:02 CEST 2021,5,3925,217,700,312.31,274,16,4.38,3600,986,7,4997,Interval
Mon Jul 19 12:05:02 CEST 2021,5,4026,217,700,308.35,245,17,4.3,3825,968,8,5242,Interval
Mon Jul 19 12:05:02 CEST 2021,5,4126,217,700,308.35,245,17,4.3,3825,968,8,5242,Interval
Mon Jul 19 12:05:02 CEST 2021,5,4227,217,700,308.35,245,17,4.3,3825,968,9,5242,Interval
Mon Jul 19 12:05:02 CEST 2021,5,4327,217,700,308.35,245,17,4.3,3825,968,10,5242,Finished
